<?xml version="1.0" encoding="UTF-8"?>
<testng-results ignored="0" total="1" passed="1" failed="0" skipped="0">
  <reporter-output>
  </reporter-output>
  <suite started-at="2024-01-19T20:01:57 IST" name="Default suite" finished-at="2024-01-19T20:02:47 IST" duration-ms="49468">
    <groups>
    </groups>
    <test started-at="2024-01-19T20:01:57 IST" name="Default test" finished-at="2024-01-19T20:02:47 IST" duration-ms="49468">
      <class name="testpkg.tiratest">
        <test-method is-config="true" signature="setup()[pri:0, instance:testpkg.tiratest@5e600dd5]" started-at="2024-01-19T20:01:57 IST" name="setup" finished-at="2024-01-19T20:02:12 IST" duration-ms="15324" status="PASS">
          <reporter-output>
          </reporter-output>
        </test-method> <!-- setup -->
        <test-method signature="performtest()[pri:0, instance:testpkg.tiratest@5e600dd5]" started-at="2024-01-19T20:02:13 IST" name="performtest" finished-at="2024-01-19T20:02:46 IST" duration-ms="33603" status="PASS">
          <reporter-output>
          </reporter-output>
        </test-method> <!-- performtest -->
      </class> <!-- testpkg.tiratest -->
    </test> <!-- Default test -->
  </suite> <!-- Default suite -->
</testng-results>
